C51 COMPILER V9.00   INTERRUPT_CONTROL_FLASH_LED                                           12/24/2016 23:27:48 PAGE 1   


C51 COMPILER V9.00, COMPILATION OF MODULE INTERRUPT_CONTROL_FLASH_LED
OBJECT MODULE PLACED IN interrupt_control_flash_led.OBJ
COMPILER INVOKED BY: D:\Program Files (x86)\Keil\C51\BIN\C51.EXE interrupt_control_flash_led.c BROWSE DEBUG OBJECTEXTEND
                    - TABS(2)

line level    source

   1          #include <reg52.h>
   2          #include <intrins.h>
   3          
   4          typedef unsigned int uint;
   5          typedef unsigned char uchar;
   6          
   7          uint CounterMs;
   8          uchar Flash;
   9          uchar Run;
  10          
  11          void external_interrupt() interrupt 0
  12          {
  13   1        Run = ~Run;
  14   1      }
  15          
  16          void timer_interrupt() interrupt 1
  17          { 
  18   1        TH0 = 0xFC;
  19   1        TL0 = 0x67;
  20   1        
  21   1        CounterMs++;
  22   1        if(CounterMs > 500)
  23   1        {
  24   2          CounterMs = 0;
  25   2          Flash = Flash ^ Run;
  26   2          P1 = Flash;
  27   2        }
  28   1      }
  29          
  30          void init()
  31          {
  32   1        CounterMs = 0;
  33   1        Flash = 0;
  34   1        Run = 0xFF;
  35   1        P1 = 0;
  36   1        
  37   1        //interrupt
  38   1        IT0 = 0;
  39   1        EX0 = 1;
  40   1        ET0 = 1;
  41   1        EA = 1;
  42   1        
  43   1        //timer
  44   1        TMOD = 0x01;
  45   1        TH0 = 0xFC;
  46   1        TL0 = 0x67;
  47   1        TF0 = 0;
  48   1        TR0 = 1;
  49   1      }
  50          
  51          void main()
  52          {
  53   1        init();
  54   1        for(;;)
C51 COMPILER V9.00   INTERRUPT_CONTROL_FLASH_LED                                           12/24/2016 23:27:48 PAGE 2   

  55   1          _nop_();
  56   1      }


MODULE INFORMATION:   STATIC OVERLAYABLE
   CODE SIZE        =     89    ----
   CONSTANT SIZE    =   ----    ----
   XDATA SIZE       =   ----    ----
   PDATA SIZE       =   ----    ----
   DATA SIZE        =      4    ----
   IDATA SIZE       =   ----    ----
   BIT SIZE         =   ----    ----
END OF MODULE INFORMATION.


C51 COMPILATION COMPLETE.  0 WARNING(S),  0 ERROR(S)
