C51 COMPILER V9.00   HEX_DISPLAY                                                           11/29/2016 00:58:04 PAGE 1   


C51 COMPILER V9.00, COMPILATION OF MODULE HEX_DISPLAY
OBJECT MODULE PLACED IN hex_display.OBJ
COMPILER INVOKED BY: D:\Program Files (x86)\Keil\C51\BIN\C51.EXE hex_display.c BROWSE DEBUG OBJECTEXTEND TABS(2)

line level    source

   1          #include <reg52.h>
   2          
   3          unsigned char code display_code[] = 
   4            {0xC0, 0xF9, 0xA4, 0xB0, 0xD9, 0xD2, 0x72, 0xF8, 0x00, 0x90};
   5          
   6          void main()
   7          {
   8   1        int i, j;
   9   1        while(1)
  10   1        {
  11   2          for(i = 0 ; i < 4 ; i++)
  12   2          {
  13   3            P2 = (~(1 << i)) & 0xF;
  14   3            P0 = display_code[i];
  15   3            for(j = 0 ; j<110 ;j++);
  16   3            P2 = 0xFF;
  17   3          }
  18   2        }
  19   1      }


MODULE INFORMATION:   STATIC OVERLAYABLE
   CODE SIZE        =     65    ----
   CONSTANT SIZE    =     10    ----
   XDATA SIZE       =   ----    ----
   PDATA SIZE       =   ----    ----
   DATA SIZE        =   ----    ----
   IDATA SIZE       =   ----    ----
   BIT SIZE         =   ----    ----
END OF MODULE INFORMATION.


C51 COMPILATION COMPLETE.  0 WARNING(S),  0 ERROR(S)
