C51 COMPILER V9.00   I2C                                                                   01/22/2017 15:19:35 PAGE 1   


C51 COMPILER V9.00, COMPILATION OF MODULE I2C
OBJECT MODULE PLACED IN i2c.OBJ
COMPILER INVOKED BY: E:\Program Files (x86)\Keil\C51\BIN\C51.EXE i2c.c BROWSE DEBUG OBJECTEXTEND

line level    source

   1          #include "i2c.h"
   2          
   3          void i2c_delay_5us()
   4          {
   5   1        _nop_();
   6   1      }
   7          
   8          void I2CStart(void (*SCLControl)(uchar value), void (*SDAControl)(uchar value))
   9          {
  10   1        SCLControl(0);
  11   1        i2c_delay_5us();
  12   1        
  13   1        SDAControl(1);
  14   1        i2c_delay_5us();
  15   1        
  16   1        SCLControl(1);
  17   1        i2c_delay_5us();
  18   1        
  19   1        SDAControl(0);
  20   1        i2c_delay_5us();
  21   1      }
  22          
  23          void I2CStop(void (*SCLControl)(uchar value), void (*SDAControl)(uchar value))
  24          {
  25   1        SCLControl(0);
  26   1        i2c_delay_5us();
  27   1        
  28   1        SDAControl(0);
  29   1        i2c_delay_5us();
  30   1        
  31   1        SCLControl(1);
  32   1        i2c_delay_5us();
  33   1      
  34   1        SDAControl(1);
  35   1        i2c_delay_5us();
  36   1      }
  37          
  38          bit I2CTestAcknowledge(bit (*SDARead)())
  39          {
  40   1        return !SDARead();
  41   1      }
  42          
  43          bit I2CWrite(uchar Data, void (*SCLControl)(uchar value)
  44                          , void (*SDAControl)(uchar value)
  45                          , bit (*SDARead)())
  46          {
  47   1        uchar i;
  48   1        
  49   1        for(i = 0 ; i < 8 ; i++)
  50   1        {
  51   2          SCLControl(0);
  52   2          _nop_();
  53   2          
  54   2          SDAControl(Data & 0x80);
  55   2          _nop_();
C51 COMPILER V9.00   I2C                                                                   01/22/2017 15:19:35 PAGE 2   

  56   2         
  57   2          SCLControl(1);
  58   2          i2c_delay_5us();
  59   2          
  60   2          Data <<= 1;
  61   2        }
  62   1        
  63   1        SCLControl(0);
  64   1        _nop_();
  65   1        SDAControl(1);
  66   1        _nop_();
  67   1        SCLControl(1);
  68   1        i2c_delay_5us();
  69   1        
  70   1        return I2CTestAcknowledge(SDARead);
  71   1      }
  72          
  73          uchar I2CRead(void (*SCLControl)(uchar value), void (*SDAControl)(uchar value), bit (*SDARead)())
  74          {
  75   1        uchar _data, i;
  76   1        
  77   1        _data = 0;
  78   1        SCLControl(0);
  79   1        i2c_delay_5us();
  80   1        SDAControl(1);
  81   1        i2c_delay_5us();
  82   1        
  83   1        SCLControl(1);
  84   1        _nop_();
  85   1        _data = SDARead();
  86   1        for(i = 1 ; i < 8 ; i++)
  87   1        {
  88   2          SCLControl(0);
  89   2          _nop_();
  90   2          
  91   2          SCLControl(1);
  92   2          _data <<= 1;
  93   2          _data |= SDARead();
  94   2        }
  95   1        
  96   1        return _data;
  97   1      }
  98          
  99          void I2CSendReadContinueSignal(void (*SCLControl)(uchar value), void (*SDAControl)(uchar value))
 100          {
 101   1        SCLControl(0);
 102   1        i2c_delay_5us();
 103   1        SDAControl(0);
 104   1        i2c_delay_5us();
 105   1        SCLControl(1);
 106   1        i2c_delay_5us();
 107   1      }
 108          
 109          bit I2CSendAddress(uchar Address, bit IsRead
 110                          , void (*SCLControl)(uchar value)
 111                          , void (*SDAControl)(uchar value)
 112                          , bit (*SDARead)())
 113          {
 114   1        return I2CWrite((Address << 1) | IsRead, SCLControl, SDAControl, SDARead);
 115   1      }


C51 COMPILER V9.00   I2C                                                                   01/22/2017 15:19:35 PAGE 3   

MODULE INFORMATION:   STATIC OVERLAYABLE
   CODE SIZE        =    406    ----
   CONSTANT SIZE    =   ----    ----
   XDATA SIZE       =   ----    ----
   PDATA SIZE       =   ----    ----
   DATA SIZE        =   ----      50
   IDATA SIZE       =   ----    ----
   BIT SIZE         =   ----       1
END OF MODULE INFORMATION.


C51 COMPILATION COMPLETE.  0 WARNING(S),  0 ERROR(S)
