C51 COMPILER V9.00   FLASH                                                                 12/13/2016 23:58:49 PAGE 1   


C51 COMPILER V9.00, COMPILATION OF MODULE FLASH
OBJECT MODULE PLACED IN flash.OBJ
COMPILER INVOKED BY: D:\Program Files (x86)\Keil\C51\BIN\C51.EXE flash.c BROWSE DEBUG OBJECTEXTEND TABS(2)

line level    source

   1          #include <reg52.h>
   2          #include <intrins.h>
   3          
   4          typedef unsigned char uchar;
   5          
   6          int tick;
   7          uchar flag;
   8          
   9          void timer_callback() interrupt 1
  10          {
  11   1        TH0 = 0xFC;
  12   1        TL0 = 0x67;
  13   1        
  14   1        tick ++;
  15   1        if(tick >= 1000)
  16   1        {
  17   2          flag = ~flag;
  18   2          P1 = flag;
  19   2          tick = 0;
  20   2        }
  21   1      }
  22          
  23          int main()
  24          {
  25   1        flag = 0;
  26   1        tick = 0;
  27   1        
  28   1        P0 = flag;
  29   1        
  30   1        TMOD = 0x01;
  31   1        TH0 = 0xFC;
  32   1        TL0 = 0x67;
  33   1        TF0 = 0;
  34   1        TR0 = 1;
  35   1        
  36   1        ET0 = 1;
  37   1        EA = 1;
  38   1        
  39   1        while(1) _nop_();
  40   1      }


MODULE INFORMATION:   STATIC OVERLAYABLE
   CODE SIZE        =     76    ----
   CONSTANT SIZE    =   ----    ----
   XDATA SIZE       =   ----    ----
   PDATA SIZE       =   ----    ----
   DATA SIZE        =      3    ----
   IDATA SIZE       =   ----    ----
   BIT SIZE         =   ----    ----
END OF MODULE INFORMATION.


C51 COMPILATION COMPLETE.  0 WARNING(S),  0 ERROR(S)
